0 info it worked if it ends with ok
1 verbose cli [ 'C:\\Program Files\\nodejs\\node.exe',
1 verbose cli   'C:\\Program Files\\nodejs\\node_modules\\npm\\bin\\npm-cli.js',
1 verbose cli   'start' ]
2 info using npm@3.10.10
3 info using node@v6.9.5
4 verbose run-script [ 'prestart', 'start', 'poststart' ]
5 info lifecycle meanapp@1.0.0~prestart: meanapp@1.0.0
6 silly lifecycle meanapp@1.0.0~prestart: no script for prestart, continuing
7 info lifecycle meanapp@1.0.0~start: meanapp@1.0.0
8 verbose lifecycle meanapp@1.0.0~start: unsafe-perm in lifecycle true
9 verbose lifecycle meanapp@1.0.0~start: PATH: C:\Users\vijay\AppData\Roaming\nvm\v6.9.5\node_modules\npm\bin\node-gyp-bin;C:\Users\vijay\Documents\Vijaya\MEANAPP\node_modules\.bin;C:\windows\system32;C:\windows;C:\windows\System32\Wbem;C:\windows\System32\WindowsPowerShell\v1.0\;C:\Program Files\IBM\Infoprint Select;C:\Program Files\ThinkPad\Bluetooth Software\;C:\Program Files\ThinkPad\Bluetooth Software\syswow64;C:\Program Files\Intel\WiFi\bin\;C:\Program Files\Common Files\Intel\WirelessCommon\;C:\Program Files\IBM\Java71\jre\bin;c:\mingw\bin;C:\apache-ant\apache-ant-1.9.4\bin;C:\Program Files (x86)\IBM\Mobility Client\;C:\apache-maven\\bin;C:\Program Files (x86)\IBM\Tivoli\Netcool\platform\win32\bin;C:\Program Files (x86)\IBM\Tivoli\Netcool\omnibus\platform\win32\bin;C:\Program Files (x86)\IBM\Tivoli\Netcool\platform\win32\lib;C:\Program Files\ibm\gsk8\lib64;C:\Program Files (x86)\ibm\gsk8\lib;C:\Program Files\IBM\node;C:\Users\vijay\AppData\Roaming\npm;C:\Ruby21-x64\bin;C:\Ruby21-x64\bin;C:\Program Files\Git\bin;C:\Python27;C:\Program Files (x86)\emacs-24.5\bin;C:\Program Files (x86)\CloudFoundry;C:\Program Files\MongoDB\Server\3.2\bin;C:\Program Files (x86)\Windows Kits\8.1\Windows Performance Toolkit\;%CURL_HOME%;%MONGODB_HOME%;C:\Users\vijay\AppData\Roaming\nvm;C:\Program Files\nodejs;C:\Program Files (x86)\Brackets\command;C:\Heroku\bin;C:\Program Files (x86)\Java\jre7\bin;C:\Users\vijay\AppData\Local\atom\bin;C:\Users\vijay\AppData\Roaming\nvm;C:\Program Files\nodejs;C:\Program Files\Heroku\bin;C:\Heroku\bin
10 verbose lifecycle meanapp@1.0.0~start: CWD: C:\Users\vijay\Documents\Vijaya\MEANAPP
11 silly lifecycle meanapp@1.0.0~start: Args: [ '/d /s /c', 'node app.js' ]
12 silly lifecycle meanapp@1.0.0~start: Returned: code: 1  signal: null
13 info lifecycle meanapp@1.0.0~start: Failed to exec start script
14 verbose stack Error: meanapp@1.0.0 start: `node app.js`
14 verbose stack Exit status 1
14 verbose stack     at EventEmitter.<anonymous> (C:\Users\vijay\AppData\Roaming\nvm\v6.9.5\node_modules\npm\lib\utils\lifecycle.js:255:16)
14 verbose stack     at emitTwo (events.js:106:13)
14 verbose stack     at EventEmitter.emit (events.js:191:7)
14 verbose stack     at ChildProcess.<anonymous> (C:\Users\vijay\AppData\Roaming\nvm\v6.9.5\node_modules\npm\lib\utils\spawn.js:40:14)
14 verbose stack     at emitTwo (events.js:106:13)
14 verbose stack     at ChildProcess.emit (events.js:191:7)
14 verbose stack     at maybeClose (internal/child_process.js:877:16)
14 verbose stack     at Process.ChildProcess._handle.onexit (internal/child_process.js:226:5)
15 verbose pkgid meanapp@1.0.0
16 verbose cwd C:\Users\vijay\Documents\Vijaya\MEANAPP\ExpressInAction\userprofile
17 error Windows_NT 6.1.7601
18 error argv "C:\\Program Files\\nodejs\\node.exe" "C:\\Program Files\\nodejs\\node_modules\\npm\\bin\\npm-cli.js" "start"
19 error node v6.9.5
20 error npm  v3.10.10
21 error code ELIFECYCLE
22 error meanapp@1.0.0 start: `node app.js`
22 error Exit status 1
23 error Failed at the meanapp@1.0.0 start script 'node app.js'.
23 error Make sure you have the latest version of node.js and npm installed.
23 error If you do, this is most likely a problem with the meanapp package,
23 error not with npm itself.
23 error Tell the author that this fails on your system:
23 error     node app.js
23 error You can get information on how to open an issue for this project with:
23 error     npm bugs meanapp
23 error Or if that isn't available, you can get their info via:
23 error     npm owner ls meanapp
23 error There is likely additional logging output above.
24 verbose exit [ 1, true ]
